C:\ts_mirr\python\Portable_Python_2.7.6.1\App\python.exe C:\ts_mirr\scons\scons-local-2.3.4\scons.py -f.\Build\site_scons\SConstruct Compile -j20
scons: Reading SConscript files ...
AutoEver Toolset Version: 2.6.0
scons: done reading SConscript files.
scons: Building targets ...
Compiling 1th file : Rte.c
Compiling 2th file : IoHwAb_DigIn.c
Compiling 3th file : IoHwAb_DigInMC33972.c
Compiling 4th file : IoHwAb_DigOut.c
Compiling 5th file : IoHwAb_DigOutL9826.c
Compiling 6th file : IoHwAb_DigOutL99MC6.c
Compiling 7th file : IoHwAb_DigOutTLE7240SL.c
Compiling 8th file : IoHwAb_Gpt.c
Compiling 9th file : IoHwAb_IOManager.c
Compiling 10th file : IoHwAb_Icu.c
Compiling 11th file : IoHwAb_InputSupply.c
Compiling 12th file : IoHwAb_McuSpecific.c
Compiling 13th file : IoHwAb_Ocu.c
Compiling 14th file : IoHwAb_Pwm.c
Compiling 15th file : IoHwAb_VolMon.c
Compiling 16th file : IpduM.c
Compiling 17th file : IpduM_Globals.c
Compiling 18th file : IpduM_IntFunc.c
Compiling 19th file : IpduM_Version.c
Compiling 20th file : KeyM.c
Compiling 21th file : KeyM_Asn1.c
Compiling 22th file : KeyM_Cvc.c
Compiling 23th file : KeyM_IntFunc.c
Compiling 24th file : KeyM_OID.c
Compiling 25th file : KeyM_Ram.c
Compiling 26th file : KeyM_Version.c
Static_Code/Modules/KeyM_R44/delivery/src/KeyM.c: In function 'KeyM_Init':
Static_Code/Modules/KeyM_R44/delivery/src/KeyM.c:119:18: warning: variable 'retVal' set but not used [-Wunused-but-set-variable]
  119 |   Std_ReturnType retVal;
      |                  ^~~~~~
Compiling 27th file : KeyM_X509.c
Compiling 28th file : KeyM_X509_Crl.c
Compiling 29th file : KeyM_X509_Crt.c
Compiling 30th file : LinIf.c
Compiling 31th file : LinIf_Config.c
Compiling 32th file : LinIf_Ram.c
Compiling 33th file : LinIf_SubProcess.c
Compiling 34th file : LinTp.c
Compiling 35th file : LinTp_Ram.c
Compiling 36th file : LinTp_Rx.c
Compiling 37th file : LinTp_Tx.c
Compiling 38th file : LinSM.c
Compiling 39th file : LinSM_Cbk.c
Compiling 40th file : LinSM_InternalFunc.c
Compiling 41th file : LinSM_Ram.c
Compiling 42th file : LinSM_Version.c
Static_Code/Modules/IoHwAb_R44/delivery/src/IoHwAb_IOManager.c:108: warning: 'IoHwAb_GucInAcqState' defined but not used [-Wunused-variable]
  108 | static VAR(IoHwAb_AcqState, IOHWAB_VAR)IoHwAb_GucInAcqState; /* polyspace VARIABLE:* [Not a defect:Low] "System intended for multitasking" */
      | 
Compiling 43th file : LinTrcv.c
Compiling 44th file : LinTrcv_ModeCtrl.c
Compiling 45th file : LinTrcv_Ram.c
Compiling 46th file : LinTrcv_WakeUp.c
Compiling 47th file : MemIf.c
Compiling 48th file : Nm.c
Compiling 49th file : Nm_Globals.c
Compiling 50th file : Nm_IntFunc.c
In file included from Static_Code/Modules/Nm_R44/delivery/inc/Nm_Globals.h:111,
                 from Static_Code/Modules/Nm_R44/delivery/src/Nm_Globals.c:39:
Static_Code/Integration_Code/integration_MemMap_R44/fixedcode/MemMap.h:3322: warning: ignoring '#pragma alignvar ' [-Wunknown-pragmas]
 3322 |   #pragma alignvar (1)
      | 
In file included from Static_Code/Modules/Nm_R44/delivery/inc/Nm_Globals.h:116,
                 from Static_Code/Modules/Nm_R44/delivery/src/Nm_Globals.c:39:
Static_Code/Integration_Code/integration_MemMap_R44/fixedcode/MemMap.h:3325: warning: ignoring '#pragma alignvar ' [-Wunknown-pragmas]
 3325 |   #pragma alignvar (4)
      | 
In file included from Static_Code/Modules/Nm_R44/delivery/inc/Nm_Globals.h:130,
                 from Static_Code/Modules/Nm_R44/delivery/src/Nm_Globals.c:39:
Static_Code/Integration_Code/integration_MemMap_R44/fixedcode/MemMap.h:3538: warning: ignoring '#pragma alignvar ' [-Wunknown-pragmas]
 3538 |   #pragma alignvar (4)
      | 
In file included from Static_Code/Modules/Nm_R44/delivery/inc/Nm_Globals.h:137,
                 from Static_Code/Modules/Nm_R44/delivery/src/Nm_Globals.c:39:
Static_Code/Integration_Code/integration_MemMap_R44/fixedcode/MemMap.h:3531: warning: ignoring '#pragma alignvar ' [-Wunknown-pragmas]
 3531 |   #pragma alignvar (1)
      | 
In file included from Static_Code/Modules/Nm_R44/delivery/src/Nm_Globals.c:49:
Static_Code/Integration_Code/integration_MemMap_R44/fixedcode/MemMap.h:3322: warning: ignoring '#pragma alignvar ' [-Wunknown-pragmas]
 3322 |   #pragma alignvar (1)
      | 
In file included from Static_Code/Modules/Nm_R44/delivery/src/Nm_Globals.c:53:
Static_Code/Integration_Code/integration_MemMap_R44/fixedcode/MemMap.h:3325: warning: ignoring '#pragma alignvar ' [-Wunknown-pragmas]
 3325 |   #pragma alignvar (4)
      | 
Compiling 51th file : Nm_Version.c
Compiling 52th file : NvM.c
In file included from Static_Code/Modules/Com_R44/delivery/inc/Com_Ram.h:122,
                 from Static_Code/Modules/Com_R44/delivery/inc/Com.h:62,
                 from Generated/Bsw_Output/src/Rte.c:155:
Static_Code/Integration_Code/integration_MemMap_R44/fixedcode/MemMap.h:2183: warning: ignoring '#pragma alignvar ' [-Wunknown-pragmas]
 2183 |   #pragma alignvar (4)
      | 
In file included from Static_Code/Modules/Com_R44/delivery/inc/Com_Ram.h:126,
                 from Static_Code/Modules/Com_R44/delivery/inc/Com.h:62,
                 from Generated/Bsw_Output/src/Rte.c:155:
Static_Code/Integration_Code/integration_MemMap_R44/fixedcode/MemMap.h:2186: warning: ignoring '#pragma alignvar ' [-Wunknown-pragmas]
 2186 |   #pragma alignvar (4)
      | 
In file included from Static_Code/Modules/Com_R44/delivery/inc/Com_Ram.h:132,
                 from Static_Code/Modules/Com_R44/delivery/inc/Com.h:62,
                 from Generated/Bsw_Output/src/Rte.c:155:
Static_Code/Integration_Code/integration_MemMap_R44/fixedcode/MemMap.h:2183: warning: ignoring '#pragma alignvar ' [-Wunknown-pragmas]
 2183 |   #pragma alignvar (4)
      | 
In file included from Static_Code/Modules/Com_R44/delivery/inc/Com_Ram.h:136,
                 from Static_Code/Modules/Com_R44/delivery/inc/Com.h:62,
                 from Generated/Bsw_Output/src/Rte.c:155:
Static_Code/Integration_Code/integration_MemMap_R44/fixedcode/MemMap.h:2186: warning: ignoring '#pragma alignvar ' [-Wunknown-pragmas]
 2186 |   #pragma alignvar (4)
      | 
In file included from Generated/Bsw_Output/src/Rte.c:173:
Generated/Bsw_Output/inc/Rte_SWC_AppMode.h:189: warning: "Rte_InitValue_modeRequestPort_ComMMode_PNC32_ComMMode_PNC32" redefined
  189 | #define Rte_InitValue_modeRequestPort_ComMMode_PNC32_ComMMode_PNC32 Rte_InitValue_SWC_AppMode_modeRequestPort_ComMMode_PNC32_ComMMode_PNC32
      | 
In file included from Generated/Bsw_Output/src/Rte.c:159:
Generated/Bsw_Output/inc/Rte_BswM_Partition_Main.h:191: note: this is the location of the previous definition
  191 | #define Rte_InitValue_modeRequestPort_ComMMode_PNC32_ComMMode_PNC32 Rte_InitValue_BswM_Partition_Main_modeRequestPort_ComMMode_PNC32_ComMMode_PNC32
      | 
In file included from Generated/Bsw_Output/src/Rte.c:173:
Generated/Bsw_Output/inc/Rte_SWC_AppMode.h:190: warning: "Rte_InitValue_modeRequestPort_ComMMode_LIN2_ComMMode_LIN2" redefined
  190 | #define Rte_InitValue_modeRequestPort_ComMMode_LIN2_ComMMode_LIN2 Rte_InitValue_SWC_AppMode_modeRequestPort_ComMMode_LIN2_ComMMode_LIN2
      | 
In file included from Generated/Bsw_Output/src/Rte.c:159:
Generated/Bsw_Output/inc/Rte_BswM_Partition_Main.h:195: note: this is the location of the previous definition
  195 | #define Rte_InitValue_modeRequestPort_ComMMode_LIN2_ComMMode_LIN2 Rte_InitValue_BswM_Partition_Main_modeRequestPort_ComMMode_LIN2_ComMMode_LIN2
      | 
In file included from Generated/Bsw_Output/src/Rte.c:173:
Generated/Bsw_Output/inc/Rte_SWC_AppMode.h:191: warning: "Rte_InitValue_modeRequestPort_ComMMode_LIN1_ComMMode_LIN1" redefined
  191 | #define Rte_InitValue_modeRequestPort_ComMMode_LIN1_ComMMode_LIN1 Rte_InitValue_SWC_AppMode_modeRequestPort_ComMMode_LIN1_ComMMode_LIN1
      | 
In file included from Generated/Bsw_Output/src/Rte.c:159:
Generated/Bsw_Output/inc/Rte_BswM_Partition_Main.h:193: note: this is the location of the previous definition
  193 | #define Rte_InitValue_modeRequestPort_ComMMode_LIN1_ComMMode_LIN1 Rte_InitValue_BswM_Partition_Main_modeRequestPort_ComMMode_LIN1_ComMMode_LIN1
      | 

cc1.exe: out of memory allocating 1073745919 bytes
scons: *** [Debug\Generated\Bsw_Output\src\Rte.o] Error 1
In file included from Static_Code/Modules/Nm_R44/delivery/inc/Nm_Globals.h:111,
                 from Static_Code/Modules/Nm_R44/delivery/src/Nm_IntFunc.c:51:
Static_Code/Integration_Code/integration_MemMap_R44/fixedcode/MemMap.h:3322: warning: ignoring '#pragma alignvar ' [-Wunknown-pragmas]
 3322 |   #pragma alignvar (1)
      | 
In file included from Static_Code/Modules/Nm_R44/delivery/inc/Nm_Globals.h:116,
                 from Static_Code/Modules/Nm_R44/delivery/src/Nm_IntFunc.c:51:
Static_Code/Integration_Code/integration_MemMap_R44/fixedcode/MemMap.h:3325: warning: ignoring '#pragma alignvar ' [-Wunknown-pragmas]
 3325 |   #pragma alignvar (4)
      | 
In file included from Static_Code/Modules/Nm_R44/delivery/inc/Nm_Globals.h:130,
                 from Static_Code/Modules/Nm_R44/delivery/src/Nm_IntFunc.c:51:
Static_Code/Integration_Code/integration_MemMap_R44/fixedcode/MemMap.h:3538: warning: ignoring '#pragma alignvar ' [-Wunknown-pragmas]
 3538 |   #pragma alignvar (4)
      | 
In file included from Static_Code/Modules/Nm_R44/delivery/inc/Nm_Globals.h:137,
                 from Static_Code/Modules/Nm_R44/delivery/src/Nm_IntFunc.c:51:
Static_Code/Integration_Code/integration_MemMap_R44/fixedcode/MemMap.h:3531: warning: ignoring '#pragma alignvar ' [-Wunknown-pragmas]
 3531 |   #pragma alignvar (1)
      | 
In file included from Static_Code/Modules/CanNm_R44/delivery/inc/CanNm_IntTypes.h:392,
                 from Static_Code/Modules/CanNm_R44/delivery/inc/CanNm.h:50,
                 from Static_Code/Modules/Nm_R44/delivery/src/Nm_Version.c:64:
Static_Code/Integration_Code/integration_MemMap_R44/fixedcode/MemMap.h:2785: warning: ignoring '#pragma alignvar ' [-Wunknown-pragmas]
 2785 |   #pragma alignvar (1)
      | 
In file included from Static_Code/Modules/CanNm_R44/delivery/inc/CanNm_IntTypes.h:398,
                 from Static_Code/Modules/CanNm_R44/delivery/inc/CanNm.h:50,
                 from Static_Code/Modules/Nm_R44/delivery/src/Nm_Version.c:64:
Static_Code/Integration_Code/integration_MemMap_R44/fixedcode/MemMap.h:2788: warning: ignoring '#pragma alignvar ' [-Wunknown-pragmas]
 2788 |   #pragma alignvar (4)
      | 
In file included from Static_Code/Modules/CanNm_R44/delivery/inc/CanNm_IntTypes.h:401,
                 from Static_Code/Modules/CanNm_R44/delivery/inc/CanNm.h:50,
                 from Static_Code/Modules/Nm_R44/delivery/src/Nm_Version.c:64:
Static_Code/Integration_Code/integration_MemMap_R44/fixedcode/MemMap.h:2785: warning: ignoring '#pragma alignvar ' [-Wunknown-pragmas]
 2785 |   #pragma alignvar (1)
      | 
In file included from Static_Code/Modules/CanNm_R44/delivery/inc/CanNm_IntTypes.h:405,
                 from Static_Code/Modules/CanNm_R44/delivery/inc/CanNm.h:50,
                 from Static_Code/Modules/Nm_R44/delivery/src/Nm_Version.c:64:
Static_Code/Integration_Code/integration_MemMap_R44/fixedcode/MemMap.h:2788: warning: ignoring '#pragma alignvar ' [-Wunknown-pragmas]
 2788 |   #pragma alignvar (4)
      | 
In file included from Static_Code/Modules/CanNm_R44/delivery/inc/CanNm_IntTypes.h:409,
                 from Static_Code/Modules/CanNm_R44/delivery/inc/CanNm.h:50,
                 from Static_Code/Modules/Nm_R44/delivery/src/Nm_Version.c:64:
Static_Code/Integration_Code/integration_MemMap_R44/fixedcode/MemMap.h:2785: warning: ignoring '#pragma alignvar ' [-Wunknown-pragmas]
 2785 |   #pragma alignvar (1)
      | 
In file included from Static_Code/Modules/CanNm_R44/delivery/inc/CanNm_IntTypes.h:413,
                 from Static_Code/Modules/CanNm_R44/delivery/inc/CanNm.h:50,
                 from Static_Code/Modules/Nm_R44/delivery/src/Nm_Version.c:64:
Static_Code/Integration_Code/integration_MemMap_R44/fixedcode/MemMap.h:2788: warning: ignoring '#pragma alignvar ' [-Wunknown-pragmas]
 2788 |   #pragma alignvar (4)
      | 
In file included from Static_Code/Modules/CanNm_R44/delivery/inc/CanNm_IntTypes.h:418,
                 from Static_Code/Modules/CanNm_R44/delivery/inc/CanNm.h:50,
                 from Static_Code/Modules/Nm_R44/delivery/src/Nm_Version.c:64:
Static_Code/Integration_Code/integration_MemMap_R44/fixedcode/MemMap.h:2801: warning: ignoring '#pragma alignvar ' [-Wunknown-pragmas]
 2801 |   #pragma alignvar (1)
      | 
In file included from Static_Code/Modules/CanNm_R44/delivery/inc/CanNm_IntTypes.h:422,
                 from Static_Code/Modules/CanNm_R44/delivery/inc/CanNm.h:50,
                 from Static_Code/Modules/Nm_R44/delivery/src/Nm_Version.c:64:
Static_Code/Integration_Code/integration_MemMap_R44/fixedcode/MemMap.h:2804: warning: ignoring '#pragma alignvar ' [-Wunknown-pragmas]
 2804 |   #pragma alignvar (4)
      | 
In file included from Static_Code/Modules/CanNm_R44/delivery/inc/CanNm_IntTypes.h:427,
                 from Static_Code/Modules/CanNm_R44/delivery/inc/CanNm.h:50,
                 from Static_Code/Modules/Nm_R44/delivery/src/Nm_Version.c:64:
Static_Code/Integration_Code/integration_MemMap_R44/fixedcode/MemMap.h:2825: warning: ignoring '#pragma alignvar ' [-Wunknown-pragmas]
 2825 |   #pragma alignvar (1)
      | 
In file included from Static_Code/Modules/CanNm_R44/delivery/inc/CanNm_IntTypes.h:431,
                 from Static_Code/Modules/CanNm_R44/delivery/inc/CanNm.h:50,
                 from Static_Code/Modules/Nm_R44/delivery/src/Nm_Version.c:64:
Static_Code/Integration_Code/integration_MemMap_R44/fixedcode/MemMap.h:2828: warning: ignoring '#pragma alignvar ' [-Wunknown-pragmas]
 2828 |   #pragma alignvar (4)
      | 
Static_Code/Modules/LinIf_R44/delivery/src/LinTp.c: In function 'LinTp_Shutdown':
Static_Code/Modules/LinIf_R44/delivery/src/LinTp.c:336: note: '-Wmisleading-indentation' is disabled from this point onwards, since column-tracking was disabled due to the size of the code/headers
  336 |   if(LblErrFlag != LINIF_TRUE)
      | 
In file included from Static_Code/Modules/Nm_R44/delivery/inc/Nm_Globals.h:111,
                 from Static_Code/Modules/Nm_R44/delivery/src/Nm.c:77:
Static_Code/Integration_Code/integration_MemMap_R44/fixedcode/MemMap.h:3322: warning: ignoring '#pragma alignvar ' [-Wunknown-pragmas]
 3322 |   #pragma alignvar (1)
      | 
In file included from Static_Code/Modules/Nm_R44/delivery/inc/Nm_Globals.h:116,
                 from Static_Code/Modules/Nm_R44/delivery/src/Nm.c:77:
Static_Code/Integration_Code/integration_MemMap_R44/fixedcode/MemMap.h:3325: warning: ignoring '#pragma alignvar ' [-Wunknown-pragmas]
 3325 |   #pragma alignvar (4)
      | 
In file included from Static_Code/Modules/Nm_R44/delivery/inc/Nm_Globals.h:130,
                 from Static_Code/Modules/Nm_R44/delivery/src/Nm.c:77:
Static_Code/Integration_Code/integration_MemMap_R44/fixedcode/MemMap.h:3538: warning: ignoring '#pragma alignvar ' [-Wunknown-pragmas]
 3538 |   #pragma alignvar (4)
      | 
In file included from Static_Code/Modules/Nm_R44/delivery/inc/Nm_Globals.h:137,
                 from Static_Code/Modules/Nm_R44/delivery/src/Nm.c:77:
Static_Code/Integration_Code/integration_MemMap_R44/fixedcode/MemMap.h:3531: warning: ignoring '#pragma alignvar ' [-Wunknown-pragmas]
 3531 |   #pragma alignvar (1)
      | 
Static_Code/Modules/LinIf_R44/delivery/src/LinTp_Rx.c: In function 'LinTp_RequestNewRxBuff':
Static_Code/Modules/LinIf_R44/delivery/src/LinTp_Rx.c:566: note: '-Wmisleading-indentation' is disabled from this point onwards, since column-tracking was disabled due to the size of the code/headers
  566 |     LpTpChannelRamData->blFirstFrame = LINIF_FALSE;
      | 
In file included from Static_Code/Modules/Com_R44/delivery/inc/Com_Ram.h:122,
                 from Static_Code/Modules/Com_R44/delivery/inc/Com.h:62,
                 from Static_Code/Modules/ComM_R44/delivery/inc/ComM_PCTypes.h:58,
                 from Static_Code/Modules/ComM_R44/delivery/inc/ComM.h:85,
                 from Static_Code/Modules/LinSM_R44/delivery/inc/LinSM.h:42,
                 from Static_Code/Modules/LinIf_R44/delivery/src/LinIf.c:71:
Static_Code/Integration_Code/integration_MemMap_R44/fixedcode/MemMap.h:2183: warning: ignoring '#pragma alignvar ' [-Wunknown-pragmas]
 2183 |   #pragma alignvar (4)
      | 
In file included from Static_Code/Modules/Com_R44/delivery/inc/Com_Ram.h:126,
                 from Static_Code/Modules/Com_R44/delivery/inc/Com.h:62,
                 from Static_Code/Modules/ComM_R44/delivery/inc/ComM_PCTypes.h:58,
                 from Static_Code/Modules/ComM_R44/delivery/inc/ComM.h:85,
                 from Static_Code/Modules/LinSM_R44/delivery/inc/LinSM.h:42,
                 from Static_Code/Modules/LinIf_R44/delivery/src/LinIf.c:71:
Static_Code/Integration_Code/integration_MemMap_R44/fixedcode/MemMap.h:2186: warning: ignoring '#pragma alignvar ' [-Wunknown-pragmas]
 2186 |   #pragma alignvar (4)
      | 
In file included from Static_Code/Modules/Com_R44/delivery/inc/Com_Ram.h:132,
                 from Static_Code/Modules/Com_R44/delivery/inc/Com.h:62,
                 from Static_Code/Modules/ComM_R44/delivery/inc/ComM_PCTypes.h:58,
                 from Static_Code/Modules/ComM_R44/delivery/inc/ComM.h:85,
                 from Static_Code/Modules/LinSM_R44/delivery/inc/LinSM.h:42,
                 from Static_Code/Modules/LinIf_R44/delivery/src/LinIf.c:71:
Static_Code/Integration_Code/integration_MemMap_R44/fixedcode/MemMap.h:2183: warning: ignoring '#pragma alignvar ' [-Wunknown-pragmas]
 2183 |   #pragma alignvar (4)
      | 
In file included from Static_Code/Modules/Com_R44/delivery/inc/Com_Ram.h:136,
                 from Static_Code/Modules/Com_R44/delivery/inc/Com.h:62,
                 from Static_Code/Modules/ComM_R44/delivery/inc/ComM_PCTypes.h:58,
                 from Static_Code/Modules/ComM_R44/delivery/inc/ComM.h:85,
                 from Static_Code/Modules/LinSM_R44/delivery/inc/LinSM.h:42,
                 from Static_Code/Modules/LinIf_R44/delivery/src/LinIf.c:71:
Static_Code/Integration_Code/integration_MemMap_R44/fixedcode/MemMap.h:2186: warning: ignoring '#pragma alignvar ' [-Wunknown-pragmas]
 2186 |   #pragma alignvar (4)
      | 
In file included from Static_Code/Modules/Com_R44/delivery/inc/Com_Ram.h:122,
                 from Static_Code/Modules/Com_R44/delivery/inc/Com.h:62,
                 from Static_Code/Modules/ComM_R44/delivery/inc/ComM_PCTypes.h:58,
                 from Static_Code/Modules/ComM_R44/delivery/inc/ComM.h:85,
                 from Static_Code/Modules/LinSM_R44/delivery/inc/LinSM.h:42,
                 from Static_Code/Modules/LinSM_R44/delivery/inc/LinSM_Ram.h:41,
                 from Static_Code/Modules/LinSM_R44/delivery/src/LinSM_Ram.c:39:
Static_Code/Integration_Code/integration_MemMap_R44/fixedcode/MemMap.h:2183: warning: ignoring '#pragma alignvar ' [-Wunknown-pragmas]
 2183 |   #pragma alignvar (4)
      | 
In file included from Static_Code/Modules/Com_R44/delivery/inc/Com_Ram.h:126,
                 from Static_Code/Modules/Com_R44/delivery/inc/Com.h:62,
                 from Static_Code/Modules/ComM_R44/delivery/inc/ComM_PCTypes.h:58,
                 from Static_Code/Modules/ComM_R44/delivery/inc/ComM.h:85,
                 from Static_Code/Modules/LinSM_R44/delivery/inc/LinSM.h:42,
                 from Static_Code/Modules/LinSM_R44/delivery/inc/LinSM_Ram.h:41,
                 from Static_Code/Modules/LinSM_R44/delivery/src/LinSM_Ram.c:39:
Static_Code/Integration_Code/integration_MemMap_R44/fixedcode/MemMap.h:2186: warning: ignoring '#pragma alignvar ' [-Wunknown-pragmas]
 2186 |   #pragma alignvar (4)
      | 
In file included from Static_Code/Modules/Com_R44/delivery/inc/Com_Ram.h:132,
                 from Static_Code/Modules/Com_R44/delivery/inc/Com.h:62,
                 from Static_Code/Modules/ComM_R44/delivery/inc/ComM_PCTypes.h:58,
                 from Static_Code/Modules/ComM_R44/delivery/inc/ComM.h:85,
                 from Static_Code/Modules/LinSM_R44/delivery/inc/LinSM.h:42,
                 from Static_Code/Modules/LinSM_R44/delivery/inc/LinSM_Ram.h:41,
                 from Static_Code/Modules/LinSM_R44/delivery/src/LinSM_Ram.c:39:
Static_Code/Integration_Code/integration_MemMap_R44/fixedcode/MemMap.h:2183: warning: ignoring '#pragma alignvar ' [-Wunknown-pragmas]
 2183 |   #pragma alignvar (4)
      | 
In file included from Static_Code/Modules/Com_R44/delivery/inc/Com_Ram.h:136,
                 from Static_Code/Modules/Com_R44/delivery/inc/Com.h:62,
                 from Static_Code/Modules/ComM_R44/delivery/inc/ComM_PCTypes.h:58,
                 from Static_Code/Modules/ComM_R44/delivery/inc/ComM.h:85,
                 from Static_Code/Modules/LinSM_R44/delivery/inc/LinSM.h:42,
                 from Static_Code/Modules/LinSM_R44/delivery/inc/LinSM_Ram.h:41,
                 from Static_Code/Modules/LinSM_R44/delivery/src/LinSM_Ram.c:39:
Static_Code/Integration_Code/integration_MemMap_R44/fixedcode/MemMap.h:2186: warning: ignoring '#pragma alignvar ' [-Wunknown-pragmas]
 2186 |   #pragma alignvar (4)
      | 
In file included from Static_Code/Modules/Com_R44/delivery/inc/Com_Ram.h:122,
                 from Static_Code/Modules/Com_R44/delivery/inc/Com.h:62,
                 from Static_Code/Modules/ComM_R44/delivery/inc/ComM_PCTypes.h:58,
                 from Static_Code/Modules/ComM_R44/delivery/inc/ComM.h:85,
                 from Static_Code/Modules/LinSM_R44/delivery/src/LinSM_Version.c:43:
Static_Code/Integration_Code/integration_MemMap_R44/fixedcode/MemMap.h:2183: warning: ignoring '#pragma alignvar ' [-Wunknown-pragmas]
 2183 |   #pragma alignvar (4)
      | 
In file included from Static_Code/Modules/Com_R44/delivery/inc/Com_Ram.h:126,
                 from Static_Code/Modules/Com_R44/delivery/inc/Com.h:62,
                 from Static_Code/Modules/ComM_R44/delivery/inc/ComM_PCTypes.h:58,
                 from Static_Code/Modules/ComM_R44/delivery/inc/ComM.h:85,
                 from Static_Code/Modules/LinSM_R44/delivery/src/LinSM_Version.c:43:
Static_Code/Integration_Code/integration_MemMap_R44/fixedcode/MemMap.h:2186: warning: ignoring '#pragma alignvar ' [-Wunknown-pragmas]
 2186 |   #pragma alignvar (4)
      | 
In file included from Static_Code/Modules/Com_R44/delivery/inc/Com_Ram.h:132,
                 from Static_Code/Modules/Com_R44/delivery/inc/Com.h:62,
                 from Static_Code/Modules/ComM_R44/delivery/inc/ComM_PCTypes.h:58,
                 from Static_Code/Modules/ComM_R44/delivery/inc/ComM.h:85,
                 from Static_Code/Modules/LinSM_R44/delivery/src/LinSM_Version.c:43:
Static_Code/Integration_Code/integration_MemMap_R44/fixedcode/MemMap.h:2183: warning: ignoring '#pragma alignvar ' [-Wunknown-pragmas]
 2183 |   #pragma alignvar (4)
      | 
In file included from Static_Code/Modules/Com_R44/delivery/inc/Com_Ram.h:136,
                 from Static_Code/Modules/Com_R44/delivery/inc/Com.h:62,
                 from Static_Code/Modules/ComM_R44/delivery/inc/ComM_PCTypes.h:58,
                 from Static_Code/Modules/ComM_R44/delivery/inc/ComM.h:85,
                 from Static_Code/Modules/LinSM_R44/delivery/src/LinSM_Version.c:43:
Static_Code/Integration_Code/integration_MemMap_R44/fixedcode/MemMap.h:2186: warning: ignoring '#pragma alignvar ' [-Wunknown-pragmas]
 2186 |   #pragma alignvar (4)
      | 
In file included from Static_Code/Modules/Com_R44/delivery/inc/Com_Ram.h:122,
                 from Static_Code/Modules/Com_R44/delivery/inc/Com.h:62,
                 from Static_Code/Modules/ComM_R44/delivery/inc/ComM_PCTypes.h:58,
                 from Static_Code/Modules/ComM_R44/delivery/inc/ComM.h:85,
                 from Static_Code/Modules/LinSM_R44/delivery/inc/LinSM.h:42,
                 from Static_Code/Modules/LinSM_R44/delivery/inc/LinSM_PCTypes.h:40,
                 from Static_Code/Modules/LinSM_R44/delivery/inc/LinSM_InternalFunc.h:40,
                 from Static_Code/Modules/LinSM_R44/delivery/src/LinSM_InternalFunc.c:43:
Static_Code/Integration_Code/integration_MemMap_R44/fixedcode/MemMap.h:2183: warning: ignoring '#pragma alignvar ' [-Wunknown-pragmas]
 2183 |   #pragma alignvar (4)
      | 
In file included from Static_Code/Modules/Com_R44/delivery/inc/Com_Ram.h:126,
                 from Static_Code/Modules/Com_R44/delivery/inc/Com.h:62,
                 from Static_Code/Modules/ComM_R44/delivery/inc/ComM_PCTypes.h:58,
                 from Static_Code/Modules/ComM_R44/delivery/inc/ComM.h:85,
                 from Static_Code/Modules/LinSM_R44/delivery/inc/LinSM.h:42,
                 from Static_Code/Modules/LinSM_R44/delivery/inc/LinSM_PCTypes.h:40,
                 from Static_Code/Modules/LinSM_R44/delivery/inc/LinSM_InternalFunc.h:40,
                 from Static_Code/Modules/LinSM_R44/delivery/src/LinSM_InternalFunc.c:43:
Static_Code/Integration_Code/integration_MemMap_R44/fixedcode/MemMap.h:2186: warning: ignoring '#pragma alignvar ' [-Wunknown-pragmas]
 2186 |   #pragma alignvar (4)
      | 
In file included from Static_Code/Modules/Com_R44/delivery/inc/Com_Ram.h:132,
                 from Static_Code/Modules/Com_R44/delivery/inc/Com.h:62,
                 from Static_Code/Modules/ComM_R44/delivery/inc/ComM_PCTypes.h:58,
                 from Static_Code/Modules/ComM_R44/delivery/inc/ComM.h:85,
                 from Static_Code/Modules/LinSM_R44/delivery/inc/LinSM.h:42,
                 from Static_Code/Modules/LinSM_R44/delivery/inc/LinSM_PCTypes.h:40,
                 from Static_Code/Modules/LinSM_R44/delivery/inc/LinSM_InternalFunc.h:40,
                 from Static_Code/Modules/LinSM_R44/delivery/src/LinSM_InternalFunc.c:43:
Static_Code/Integration_Code/integration_MemMap_R44/fixedcode/MemMap.h:2183: warning: ignoring '#pragma alignvar ' [-Wunknown-pragmas]
 2183 |   #pragma alignvar (4)
      | 
In file included from Static_Code/Modules/Com_R44/delivery/inc/Com_Ram.h:136,
                 from Static_Code/Modules/Com_R44/delivery/inc/Com.h:62,
                 from Static_Code/Modules/ComM_R44/delivery/inc/ComM_PCTypes.h:58,
                 from Static_Code/Modules/ComM_R44/delivery/inc/ComM.h:85,
                 from Static_Code/Modules/LinSM_R44/delivery/inc/LinSM.h:42,
                 from Static_Code/Modules/LinSM_R44/delivery/inc/LinSM_PCTypes.h:40,
                 from Static_Code/Modules/LinSM_R44/delivery/inc/LinSM_InternalFunc.h:40,
                 from Static_Code/Modules/LinSM_R44/delivery/src/LinSM_InternalFunc.c:43:
Static_Code/Integration_Code/integration_MemMap_R44/fixedcode/MemMap.h:2186: warning: ignoring '#pragma alignvar ' [-Wunknown-pragmas]
 2186 |   #pragma alignvar (4)
      | 
In file included from Static_Code/Modules/Com_R44/delivery/inc/Com_Ram.h:122,
                 from Static_Code/Modules/Com_R44/delivery/inc/Com.h:62,
                 from Static_Code/Modules/ComM_R44/delivery/inc/ComM_PCTypes.h:58,
                 from Static_Code/Modules/ComM_R44/delivery/inc/ComM.h:85,
                 from Static_Code/Modules/LinSM_R44/delivery/inc/LinSM.h:42,
                 from Static_Code/Modules/LinSM_R44/delivery/inc/LinSM_Ram.h:41,
                 from Static_Code/Modules/LinSM_R44/delivery/src/LinSM_Cbk.c:42:
Static_Code/Integration_Code/integration_MemMap_R44/fixedcode/MemMap.h:2183: warning: ignoring '#pragma alignvar ' [-Wunknown-pragmas]
 2183 |   #pragma alignvar (4)
      | 
In file included from Static_Code/Modules/Com_R44/delivery/inc/Com_Ram.h:126,
                 from Static_Code/Modules/Com_R44/delivery/inc/Com.h:62,
                 from Static_Code/Modules/ComM_R44/delivery/inc/ComM_PCTypes.h:58,
                 from Static_Code/Modules/ComM_R44/delivery/inc/ComM.h:85,
                 from Static_Code/Modules/LinSM_R44/delivery/inc/LinSM.h:42,
                 from Static_Code/Modules/LinSM_R44/delivery/inc/LinSM_Ram.h:41,
                 from Static_Code/Modules/LinSM_R44/delivery/src/LinSM_Cbk.c:42:
Static_Code/Integration_Code/integration_MemMap_R44/fixedcode/MemMap.h:2186: warning: ignoring '#pragma alignvar ' [-Wunknown-pragmas]
 2186 |   #pragma alignvar (4)
      | 
In file included from Static_Code/Modules/Com_R44/delivery/inc/Com_Ram.h:132,
                 from Static_Code/Modules/Com_R44/delivery/inc/Com.h:62,
                 from Static_Code/Modules/ComM_R44/delivery/inc/ComM_PCTypes.h:58,
                 from Static_Code/Modules/ComM_R44/delivery/inc/ComM.h:85,
                 from Static_Code/Modules/LinSM_R44/delivery/inc/LinSM.h:42,
                 from Static_Code/Modules/LinSM_R44/delivery/inc/LinSM_Ram.h:41,
                 from Static_Code/Modules/LinSM_R44/delivery/src/LinSM_Cbk.c:42:
Static_Code/Integration_Code/integration_MemMap_R44/fixedcode/MemMap.h:2183: warning: ignoring '#pragma alignvar ' [-Wunknown-pragmas]
 2183 |   #pragma alignvar (4)
      | 
In file included from Static_Code/Modules/Com_R44/delivery/inc/Com_Ram.h:136,
                 from Static_Code/Modules/Com_R44/delivery/inc/Com.h:62,
                 from Static_Code/Modules/ComM_R44/delivery/inc/ComM_PCTypes.h:58,
                 from Static_Code/Modules/ComM_R44/delivery/inc/ComM.h:85,
                 from Static_Code/Modules/LinSM_R44/delivery/inc/LinSM.h:42,
                 from Static_Code/Modules/LinSM_R44/delivery/inc/LinSM_Ram.h:41,
                 from Static_Code/Modules/LinSM_R44/delivery/src/LinSM_Cbk.c:42:
Static_Code/Integration_Code/integration_MemMap_R44/fixedcode/MemMap.h:2186: warning: ignoring '#pragma alignvar ' [-Wunknown-pragmas]
 2186 |   #pragma alignvar (4)
      | 
In file included from Static_Code/Modules/Com_R44/delivery/inc/Com_Ram.h:122,
                 from Static_Code/Modules/Com_R44/delivery/inc/Com.h:62,
                 from Static_Code/Modules/ComM_R44/delivery/inc/ComM_PCTypes.h:58,
                 from Static_Code/Modules/ComM_R44/delivery/inc/ComM.h:85,
                 from Static_Code/Modules/LinSM_R44/delivery/inc/LinSM.h:42,
                 from Static_Code/Modules/LinSM_R44/delivery/src/LinSM.c:44:
Static_Code/Integration_Code/integration_MemMap_R44/fixedcode/MemMap.h:2183: warning: ignoring '#pragma alignvar ' [-Wunknown-pragmas]
 2183 |   #pragma alignvar (4)
      | 
In file included from Static_Code/Modules/Com_R44/delivery/inc/Com_Ram.h:126,
                 from Static_Code/Modules/Com_R44/delivery/inc/Com.h:62,
                 from Static_Code/Modules/ComM_R44/delivery/inc/ComM_PCTypes.h:58,
                 from Static_Code/Modules/ComM_R44/delivery/inc/ComM.h:85,
                 from Static_Code/Modules/LinSM_R44/delivery/inc/LinSM.h:42,
                 from Static_Code/Modules/LinSM_R44/delivery/src/LinSM.c:44:
Static_Code/Integration_Code/integration_MemMap_R44/fixedcode/MemMap.h:2186: warning: ignoring '#pragma alignvar ' [-Wunknown-pragmas]
 2186 |   #pragma alignvar (4)
      | 
In file included from Static_Code/Modules/Com_R44/delivery/inc/Com_Ram.h:132,
                 from Static_Code/Modules/Com_R44/delivery/inc/Com.h:62,
                 from Static_Code/Modules/ComM_R44/delivery/inc/ComM_PCTypes.h:58,
                 from Static_Code/Modules/ComM_R44/delivery/inc/ComM.h:85,
                 from Static_Code/Modules/LinSM_R44/delivery/inc/LinSM.h:42,
                 from Static_Code/Modules/LinSM_R44/delivery/src/LinSM.c:44:
Static_Code/Integration_Code/integration_MemMap_R44/fixedcode/MemMap.h:2183: warning: ignoring '#pragma alignvar ' [-Wunknown-pragmas]
 2183 |   #pragma alignvar (4)
      | 
In file included from Static_Code/Modules/Com_R44/delivery/inc/Com_Ram.h:136,
                 from Static_Code/Modules/Com_R44/delivery/inc/Com.h:62,
                 from Static_Code/Modules/ComM_R44/delivery/inc/ComM_PCTypes.h:58,
                 from Static_Code/Modules/ComM_R44/delivery/inc/ComM.h:85,
                 from Static_Code/Modules/LinSM_R44/delivery/inc/LinSM.h:42,
                 from Static_Code/Modules/LinSM_R44/delivery/src/LinSM.c:44:
Static_Code/Integration_Code/integration_MemMap_R44/fixedcode/MemMap.h:2186: warning: ignoring '#pragma alignvar ' [-Wunknown-pragmas]
 2186 |   #pragma alignvar (4)
      | 
In file included from Static_Code/Modules/Com_R44/delivery/inc/Com_Ram.h:122,
                 from Static_Code/Modules/Com_R44/delivery/inc/Com.h:62,
                 from Static_Code/Modules/ComM_R44/delivery/inc/ComM_PCTypes.h:58,
                 from Static_Code/Modules/ComM_R44/delivery/inc/ComM.h:85,
                 from Static_Code/Modules/LinSM_R44/delivery/inc/LinSM.h:42,
                 from Static_Code/Modules/LinIf_R44/delivery/src/LinIf_SubProcess.c:69:
Static_Code/Integration_Code/integration_MemMap_R44/fixedcode/MemMap.h:2183: warning: ignoring '#pragma alignvar ' [-Wunknown-pragmas]
 2183 |   #pragma alignvar (4)
      | 
In file included from Static_Code/Modules/Com_R44/delivery/inc/Com_Ram.h:126,
                 from Static_Code/Modules/Com_R44/delivery/inc/Com.h:62,
                 from Static_Code/Modules/ComM_R44/delivery/inc/ComM_PCTypes.h:58,
                 from Static_Code/Modules/ComM_R44/delivery/inc/ComM.h:85,
                 from Static_Code/Modules/LinSM_R44/delivery/inc/LinSM.h:42,
                 from Static_Code/Modules/LinIf_R44/delivery/src/LinIf_SubProcess.c:69:
Static_Code/Integration_Code/integration_MemMap_R44/fixedcode/MemMap.h:2186: warning: ignoring '#pragma alignvar ' [-Wunknown-pragmas]
 2186 |   #pragma alignvar (4)
      | 
In file included from Static_Code/Modules/Com_R44/delivery/inc/Com_Ram.h:132,
                 from Static_Code/Modules/Com_R44/delivery/inc/Com.h:62,
                 from Static_Code/Modules/ComM_R44/delivery/inc/ComM_PCTypes.h:58,
                 from Static_Code/Modules/ComM_R44/delivery/inc/ComM.h:85,
                 from Static_Code/Modules/LinSM_R44/delivery/inc/LinSM.h:42,
                 from Static_Code/Modules/LinIf_R44/delivery/src/LinIf_SubProcess.c:69:
Static_Code/Integration_Code/integration_MemMap_R44/fixedcode/MemMap.h:2183: warning: ignoring '#pragma alignvar ' [-Wunknown-pragmas]
 2183 |   #pragma alignvar (4)
      | 
In file included from Static_Code/Modules/Com_R44/delivery/inc/Com_Ram.h:136,
                 from Static_Code/Modules/Com_R44/delivery/inc/Com.h:62,
                 from Static_Code/Modules/ComM_R44/delivery/inc/ComM_PCTypes.h:58,
                 from Static_Code/Modules/ComM_R44/delivery/inc/ComM.h:85,
                 from Static_Code/Modules/LinSM_R44/delivery/inc/LinSM.h:42,
                 from Static_Code/Modules/LinIf_R44/delivery/src/LinIf_SubProcess.c:69:
Static_Code/Integration_Code/integration_MemMap_R44/fixedcode/MemMap.h:2186: warning: ignoring '#pragma alignvar ' [-Wunknown-pragmas]
 2186 |   #pragma alignvar (4)
      | 
Static_Code/Modules/LinIf_R44/delivery/src/LinIf_SubProcess.c: In function 'LinIf_SleepReqMainFunction':
Static_Code/Modules/LinIf_R44/delivery/src/LinIf_SubProcess.c:310: warning: passing argument 2 of 'Lin_43_LPUART_FLEXIO_GetStatus' from incompatible pointer type [-Wincompatible-pointer-types]
  310 |         ucDrvChannelId, LppRxDataPtr);
      | 
In file included from Static_Code/Modules/b_mcal_nxp_S32K3xx/Integration_Mcal/Lin.h:4,
                 from Static_Code/Modules/LinIf_R44/delivery/src/LinIf_SubProcess.c:59:
Static_Code/Modules/b_mcal_nxp_S32K3xx/b_mcal_Lin_nxp_S32K3xx/include/Lin_43_LPUART_FLEXIO.h:437: note: expected 'const uint8 **' {aka 'const unsigned char **'} but argument is of type 'uint8 **' {aka 'unsigned char **'}
  437 |                                     const uint8 ** Lin_43_LPUART_FLEXIO_SduPtr);
      | 
Static_Code/Modules/LinIf_R44/delivery/src/LinIf_SubProcess.c: In function 'LinIf_ProcessStatusUncond':
Static_Code/Modules/LinIf_R44/delivery/src/LinIf_SubProcess.c:1540: warning: passing argument 2 of 'Lin_43_LPUART_FLEXIO_GetStatus' from incompatible pointer type [-Wincompatible-pointer-types]
 1540 |                                                                 LppRxDataPtr);
      | 
In file included from Static_Code/Modules/b_mcal_nxp_S32K3xx/Integration_Mcal/Lin.h:4,
                 from Static_Code/Modules/LinIf_R44/delivery/src/LinIf_SubProcess.c:59:
Static_Code/Modules/b_mcal_nxp_S32K3xx/b_mcal_Lin_nxp_S32K3xx/include/Lin_43_LPUART_FLEXIO.h:437: note: expected 'const uint8 **' {aka 'const unsigned char **'} but argument is of type 'uint8 **' {aka 'unsigned char **'}
  437 |                                     const uint8 ** Lin_43_LPUART_FLEXIO_SduPtr);
      | 
Static_Code/Modules/LinIf_R44/delivery/src/LinIf_SubProcess.c:1588: note: '-Wmisleading-indentation' is disabled from this point onwards, since column-tracking was disabled due to the size of the code/headers
 1588 |     if(LINIF_RUN_CONTINUOUS == \
      | 
Static_Code/Modules/LinIf_R44/delivery/src/LinIf_SubProcess.c: In function 'LinIf_ProcessStatusMRF':
Static_Code/Modules/LinIf_R44/delivery/src/LinIf_SubProcess.c:1986: warning: passing argument 2 of 'Lin_43_LPUART_FLEXIO_GetStatus' from incompatible pointer type [-Wincompatible-pointer-types]
 1986 |     ucDrvChannelId, LppRxDataPtr);
      | 
In file included from Static_Code/Modules/b_mcal_nxp_S32K3xx/Integration_Mcal/Lin.h:4,
                 from Static_Code/Modules/LinIf_R44/delivery/src/LinIf_SubProcess.c:59:
Static_Code/Modules/b_mcal_nxp_S32K3xx/b_mcal_Lin_nxp_S32K3xx/include/Lin_43_LPUART_FLEXIO.h:437: note: expected 'const uint8 **' {aka 'const unsigned char **'} but argument is of type 'uint8 **' {aka 'unsigned char **'}
  437 |                                     const uint8 ** Lin_43_LPUART_FLEXIO_SduPtr);
      | 
Static_Code/Modules/LinIf_R44/delivery/src/LinIf_SubProcess.c: In function 'LinIf_ProcessStatusSRF':
Static_Code/Modules/LinIf_R44/delivery/src/LinIf_SubProcess.c:2155: warning: passing argument 2 of 'Lin_43_LPUART_FLEXIO_GetStatus' from incompatible pointer type [-Wincompatible-pointer-types]
 2155 |     ucDrvChannelId, LppRxDataPtr);
      | 
In file included from Static_Code/Modules/b_mcal_nxp_S32K3xx/Integration_Mcal/Lin.h:4,
                 from Static_Code/Modules/LinIf_R44/delivery/src/LinIf_SubProcess.c:59:
Static_Code/Modules/b_mcal_nxp_S32K3xx/b_mcal_Lin_nxp_S32K3xx/include/Lin_43_LPUART_FLEXIO.h:437: note: expected 'const uint8 **' {aka 'const unsigned char **'} but argument is of type 'uint8 **' {aka 'unsigned char **'}
  437 |                                     const uint8 ** Lin_43_LPUART_FLEXIO_SduPtr);
      | 
Static_Code/Modules/LinIf_R44/delivery/src/LinIf_SubProcess.c: In function 'LinIf_InitAllChannels':
Static_Code/Modules/LinIf_R44/delivery/src/LinIf_SubProcess.c:3717: warning: passing argument 2 of 'Lin_43_LPUART_FLEXIO_GetStatus' from incompatible pointer type [-Wincompatible-pointer-types]
 3717 |       LenLinStatus = Lin_GetStatus(LucLinDriveId, &LpRxDataPtr);
      | 
In file included from Static_Code/Modules/b_mcal_nxp_S32K3xx/Integration_Mcal/Lin.h:4,
                 from Static_Code/Modules/LinIf_R44/delivery/src/LinIf_SubProcess.c:59:
Static_Code/Modules/b_mcal_nxp_S32K3xx/b_mcal_Lin_nxp_S32K3xx/include/Lin_43_LPUART_FLEXIO.h:437: note: expected 'const uint8 **' {aka 'const unsigned char **'} but argument is of type 'uint8 **' {aka 'unsigned char **'}
  437 |                                     const uint8 ** Lin_43_LPUART_FLEXIO_SduPtr);
      | 
scons: building terminated because of errors.
